<?xml version="1.0" encoding="UTF-8"?>
<!-- Generated by org.testng.reporters.JUnitXMLReporter -->
<testsuite ignored="0" hostname="SCA-WS380" failures="0" tests="3" name="Default test" time="0.04" errors="0" timestamp="24 Apr 2018 16:12:41 GMT">
  <testcase classname="Base.createAndCloseDriver" name="@BeforeClass SetUpDriver" time="0.0">
    <failure type="org.testng.TestNGException" message="
Parameter &amp;apos;baseURL&amp;apos; is required by BeforeClass on method SetUpDriver but has not been marked @Optional or defined
in C:\Users\nurpi-as\AppData\Local\Temp\testng-eclipse-1724824880\testng-customsuite.xml">
      <![CDATA[org.testng.TestNGException: 
Parameter 'baseURL' is required by BeforeClass on method SetUpDriver but has not been marked @Optional or defined
in C:\Users\nurpi-as\AppData\Local\Temp\testng-eclipse-1724824880\testng-customsuite.xml
at org.testng.internal.Parameters.createParams(Parameters.java:290)
at org.testng.internal.Parameters.createParametersForMethod(Parameters.java:359)
at org.testng.internal.Parameters.createParameters(Parameters.java:620)
at org.testng.internal.Parameters.createConfigurationParameters(Parameters.java:190)
at org.testng.internal.Invoker.invokeConfigurations(Invoker.java:209)
at org.testng.internal.Invoker.invokeConfigurations(Invoker.java:142)
at org.testng.internal.TestMethodWorker.invokeBeforeClassMethods(TestMethodWorker.java:168)
at org.testng.internal.TestMethodWorker.run(TestMethodWorker.java:105)
at org.testng.TestRunner.privateRun(TestRunner.java:648)
at org.testng.TestRunner.run(TestRunner.java:505)
at org.testng.SuiteRunner.runTest(SuiteRunner.java:455)
at org.testng.SuiteRunner.runSequentially(SuiteRunner.java:450)
at org.testng.SuiteRunner.privateRun(SuiteRunner.java:415)
at org.testng.SuiteRunner.run(SuiteRunner.java:364)
at org.testng.SuiteRunnerWorker.runSuite(SuiteRunnerWorker.java:52)
at org.testng.SuiteRunnerWorker.run(SuiteRunnerWorker.java:84)
at org.testng.TestNG.runSuitesSequentially(TestNG.java:1208)
at org.testng.TestNG.runSuitesLocally(TestNG.java:1137)
at org.testng.TestNG.runSuites(TestNG.java:1049)
at org.testng.TestNG.run(TestNG.java:1017)
at org.testng.remote.AbstractRemoteTestNG.run(AbstractRemoteTestNG.java:114)
at org.testng.remote.RemoteTestNG.initAndRun(RemoteTestNG.java:251)
at org.testng.remote.RemoteTestNG.main(RemoteTestNG.java:77)
]]>
    </failure>
  </testcase> <!-- @BeforeClass SetUpDriver -->
  <testcase classname="Base.createAndCloseDriver" name="@AfterClass cleanUp" time="0.0">
    <skipped/>
  </testcase> <!-- @AfterClass cleanUp -->
  <testcase classname="TestCases.LoginTest" name="DisplayPageLogin" time="0.0">
    <skipped/>
  </testcase> <!-- DisplayPageLogin -->
  <testcase classname="TestCases.LoginTest" name="verifyValidLogin" time="0.0">
    <skipped/>
  </testcase> <!-- verifyValidLogin -->
  <testcase classname="TestCases.LoginTest" name="verifyValidLogin" time="0.0">
    <skipped/>
  </testcase> <!-- verifyValidLogin -->
</testsuite> <!-- Default test -->
